SF:lib/src/business_logic/category.g.dart
DA:14,1
DA:16,1
DA:17,1
DA:18,5
DA:20,1
DA:21,1
DA:22,1
DA:23,1
DA:24,1
DA:25,1
DA:26,1
DA:27,1
DA:28,1
DA:32,1
DA:35,1
DA:36,1
DA:37,2
DA:38,1
DA:39,2
DA:40,1
DA:41,2
DA:42,1
DA:43,2
DA:44,1
DA:45,2
DA:46,1
DA:47,2
DA:48,1
DA:49,2
DA:50,1
DA:51,2
LF:31
LH:31
end_of_record
SF:lib/src/business_logic/category.dart
DA:45,3
DA:55,6
DA:56,6
DA:57,9
DA:58,12
DA:59,12
DA:63,3
LF:7
LH:7
end_of_record
SF:lib/src/business_logic/category_events.dart
DA:15,0
DA:24,0
DA:33,0
LF:3
LH:0
end_of_record
SF:lib/src/business_logic/item.dart
DA:53,3
DA:64,6
DA:65,6
DA:66,9
DA:67,12
DA:68,12
DA:69,12
DA:72,15
DA:73,2
DA:74,1
DA:79,1
DA:80,4
DA:81,2
LF:13
LH:13
end_of_record
SF:lib/src/business_logic/item.g.dart
DA:14,1
DA:16,1
DA:17,1
DA:18,5
DA:20,1
DA:21,1
DA:22,1
DA:23,1
DA:24,1
DA:25,1
DA:26,1
DA:27,1
DA:28,1
DA:29,2
DA:32,1
DA:35,1
DA:36,1
DA:37,2
DA:38,1
DA:39,2
DA:40,1
DA:41,2
DA:42,1
DA:43,2
DA:44,1
DA:45,2
DA:46,1
DA:47,2
DA:48,1
DA:49,2
DA:50,1
DA:51,2
DA:52,1
DA:53,2
LF:34
LH:34
end_of_record
SF:lib/src/business_logic/repository.dart
DA:18,1
DA:19,2
DA:20,2
DA:22,1
DA:32,1
DA:35,1
DA:40,1
DA:41,1
DA:43,2
DA:44,3
DA:46,1
DA:47,2
DA:48,3
DA:53,1
DA:54,1
DA:55,2
DA:56,2
DA:58,1
DA:59,2
DA:60,2
DA:62,2
DA:63,1
DA:73,1
DA:76,1
DA:81,1
DA:82,1
DA:84,2
DA:85,3
DA:87,1
DA:88,2
DA:89,3
DA:94,1
DA:96,1
DA:97,3
DA:98,2
DA:100,1
DA:101,3
DA:102,2
DA:104,2
DA:105,1
DA:116,1
DA:119,1
DA:124,1
DA:125,1
DA:127,2
DA:128,3
DA:130,1
DA:131,2
DA:132,3
DA:137,1
DA:139,1
DA:140,2
DA:141,2
DA:143,1
DA:144,2
DA:145,2
DA:147,2
DA:148,1
LF:58
LH:58
end_of_record
SF:lib/src/business_logic/reservation.g.dart
DA:14,1
DA:16,1
DA:17,1
DA:18,5
DA:20,1
DA:21,1
DA:22,1
DA:23,1
DA:24,1
DA:25,1
DA:26,1
DA:27,1
DA:28,1
DA:29,1
DA:30,1
DA:31,1
DA:32,2
DA:35,1
DA:38,1
DA:39,1
DA:40,2
DA:41,1
DA:42,2
DA:43,1
DA:44,2
DA:45,1
DA:46,2
DA:47,1
DA:48,2
DA:49,1
DA:50,2
DA:51,1
DA:52,2
DA:53,1
DA:54,2
DA:55,1
DA:56,2
DA:57,1
DA:58,2
DA:59,1
DA:60,2
DA:61,1
DA:62,2
LF:43
LH:43
end_of_record
SF:lib/src/business_logic/reservation.dart
DA:64,3
DA:78,6
DA:79,6
DA:80,9
DA:81,12
DA:82,12
DA:83,12
DA:87,1
DA:88,4
DA:89,2
DA:93,3
DA:94,3
DA:96,3
DA:97,3
DA:99,3
DA:100,4
LF:16
LH:16
end_of_record
SF:lib/src/business_logic/states.dart
DA:15,0
LF:1
LH:0
end_of_record
SF:lib/src/services/local_id_generator.dart
DA:21,4
DA:25,12
DA:29,4
DA:30,4
DA:31,10
DA:34,12
DA:35,16
DA:36,16
DA:37,12
DA:39,12
DA:44,4
DA:46,12
DA:47,32
LF:13
LH:13
end_of_record
SF:lib/src/services/logger.dart
DA:4,4
DA:5,8
LF:2
LH:2
end_of_record
SF:lib/src/services/database_manager.dart
DA:55,1
DA:56,2
DA:57,3
DA:58,2
DA:59,4
DA:60,2
DA:61,4
DA:62,2
DA:63,4
DA:67,1
DA:68,2
DA:69,2
DA:73,1
DA:74,2
DA:75,1
DA:76,4
DA:77,3
DA:83,1
DA:84,2
DA:85,2
DA:86,3
DA:92,1
DA:93,1
DA:94,3
DA:95,1
DA:96,1
DA:97,5
DA:98,3
DA:99,4
DA:100,3
DA:101,1
DA:102,1
DA:108,1
DA:109,2
DA:110,2
DA:111,3
DA:117,1
DA:118,2
DA:119,1
DA:120,3
DA:121,3
DA:127,1
DA:128,3
DA:129,1
DA:131,2
DA:132,4
DA:133,2
DA:134,3
DA:135,2
DA:136,1
DA:142,1
DA:143,2
DA:144,2
DA:145,3
LF:54
LH:54
end_of_record
SF:lib/src/services/definitions.dart
DA:5,3
DA:20,1
DA:22,1
DA:25,1
DA:29,2
DA:31,1
DA:36,1
DA:38,1
DA:39,1
DA:41,1
DA:42,1
DA:45,2
DA:47,1
LF:13
LH:13
end_of_record
